<?xml version="1.0" encoding="utf-8"?><testsuites name="pytest tests"><testsuite name="pytest" errors="0" failures="0" skipped="0" tests="20" time="16.952" timestamp="2026-09-14T14:56:38.662667+00:00" hostname="agent-env-8628892b-cd5e-4e98-b57d-049e3769a943"><testcase classname="tests.test_cms_api_regression" name="test_admin_mutation_requires_valid_origin" time="0.805" /><testcase classname="tests.test_cms_api_regression" name="test_preview_publish_revisions_revert_discard_workflow" time="2.180" /><testcase classname="tests.test_cms_api_regression" name="test_product_collection_page_nav_footer_draft_mutations" time="1.267" /><testcase classname="tests.test_cms_api_regression" name="test_media_upload_metadata_validation_and_reference_delete_lock" time="6.098" /><testcase classname="tests.test_cms_api_regression" name="test_currency_features_and_site_mode_propagate_after_publish" time="1.198" /><testcase classname="tests.test_platform_core" name="test_health_endpoint" time="0.154" /><testcase classname="tests.test_platform_core" name="test_unauthenticated_admin_workspace_returns_401" time="0.151" /><testcase classname="tests.test_platform_core" name="test_login_rejects_wrong_origin" time="0.132" /><testcase classname="tests.test_platform_core" name="test_login_wrong_password_401" time="0.394" /><testcase classname="tests.test_platform_core" name="test_login_sets_secure_http_only_cookies" time="0.391" /><testcase classname="tests.test_platform_core" name="test_auth_me_excludes_password_hash" time="0.494" /><testcase classname="tests.test_platform_core" name="test_refresh_then_logout_revokes_session" time="0.643" /><testcase classname="tests.test_platform_core" name="test_bruteforce_lockout_after_5_failures" time="0.624" /><testcase classname="tests.test_platform_core" name="test_storefront_seeded_data" time="0.173" /><testcase classname="tests.test_platform_core" name="test_draft_save_does_not_change_public_until_publish" time="0.865" /><testcase classname="tests.test_platform_core" name="test_order_prepare_without_whatsapp_number_persists_inquiry" time="0.173" /><testcase classname="tests.test_platform_core" name="test_order_prepare_rejects_out_of_stock_quantity" time="0.147" /><testcase classname="tests.test_platform_core" name="test_newsletter_and_contact_persist_and_visible_in_admin" time="0.663" /><testcase classname="tests.test_platform_core" name="test_sitemap_and_robots" time="0.254" /><testcase classname="tests.test_platform_core" name="test_seeded_admin_hash_prefix_2b" time="0.006" /></testsuite></testsuites>